<?xml version="1.0" encoding="UTF-8"?>
<!-- Generated by org.testng.reporters.JUnitReportReporter -->
<testsuite hostname="LAPTOP-0CLFMHD0" failures="0" tests="3" name="AutomationProject.com.AutomationProject.TestClass1" time="8.759" errors="0" timestamp="2023-11-30T22:03:35 IST" skipped="0">
  <testcase classname="AutomationProject.com.AutomationProject.TestClass1" name="Test1" time="3.066"/>
  <system-out/>
  <testcase classname="AutomationProject.com.AutomationProject.TestClass1" name="Test2" time="2.108"/>
  <system-out/>
  <testcase classname="AutomationProject.com.AutomationProject.TestClass1" name="Test3" time="3.585"/>
  <system-out/>
</testsuite> <!-- AutomationProject.com.AutomationProject.TestClass1 -->
