<?xml version="1.0" encoding="UTF-8"?>
<!-- Generated by org.testng.reporters.JUnitReportReporter -->
<testsuite hostname="LAPTOP-0CLFMHD0" failures="0" tests="3" name="AutomationProject.com.AutomationProject.TestClass1" time="40.741" errors="0" timestamp="2023-11-30T22:19:13 IST" skipped="0">
  <testcase classname="AutomationProject.com.AutomationProject.TestClass1" name="Test2" time="2.541"/>
  <system-out/>
  <testcase classname="AutomationProject.com.AutomationProject.TestClass1" name="Test1" time="2.598"/>
  <system-out/>
  <testcase classname="AutomationProject.com.AutomationProject.TestClass1" name="Test3" time="35.602"/>
  <system-out/>
</testsuite> <!-- AutomationProject.com.AutomationProject.TestClass1 -->
